Switching to nixos-21.05
Switching to nixos-21.05
Switching to nixos-21.05
Switching to nixos-21.05
Switching to nixos-21.05
Projected training regiment :
 ['1', '4', '8', '16', '32', '64', '8_8', '8_16', '8_32', '8_64', '16_16', '16_32', '16_64', '32_32', '32_64', '64_64', '16_16_16', '16_16_32', '16_16_64', '32_32_32', '32_32_64', '32_64_64', '64_64_64', '32_32_32_32', '32_32_32_64', '32_32_32_96', '32_32_64_64', '32_32_64_96', '32_32_96_96', '64_64_64_64', '64_64_64_96', '64_64_96_96', '64_96_96_96', '96_96_96_96', '64_64_64_64_64', '64_64_64_64_96', '64_64_64_64_128', '64_64_64_96_96', '64_64_64_96_128', '64_64_64_128_128', '96_96_96_96_96', '96_96_96_96_128', '96_96_96_128_128', '96_96_128_128_128', '96_128_128_128_128', '128_128_128_128_128']
Starting training for neurone : 1, 0/46 (Previous step : 0.000 s)
Getting dataset : Ocean1
Dataset used : /bettik/bouissob/Method_Data/COM_NEMO-CNRS/Method_3/Ocean1.csv
                            df: 101.2 MiB
                      Datasets:  104.0 B
                            li:   72.0 B
                          self:   64.0 B
                   Oc_mod_type:   62.0 B
                          Data:   55.0 B
                           ind:   24.0 B
Finished dataset : Ocean1
Getting dataset : Ocean2
Dataset used : /bettik/bouissob/Method_Data/COM_NEMO-CNRS/Method_3/Ocean2.csv
                            df: 221.3 MiB
                      Datasets:  104.0 B
                            li:   72.0 B
                          self:   64.0 B
                   Oc_mod_type:   62.0 B
                          Data:   55.0 B
                          name:   52.0 B
                           ind:   28.0 B
                          size:   28.0 B
Finished dataset : Ocean2
Getting dataset : Ocean3
Dataset used : /bettik/bouissob/Method_Data/COM_NEMO-CNRS/Method_3/Ocean3.csv
                            df: 778.2 MiB
                      Datasets:  104.0 B
                            li:   72.0 B
                          self:   64.0 B
                   Oc_mod_type:   62.0 B
                          Data:   55.0 B
                          name:   53.0 B
                           ind:   28.0 B
                          size:   28.0 B
Finished dataset : Ocean3
Getting dataset : Ocean4
Dataset used : /bettik/bouissob/Method_Data/COM_NEMO-CNRS/Method_3/Ocean4.csv
                            df:  1.3 GiB
                      Datasets:  104.0 B
                            li:   72.0 B
                          self:   64.0 B
                   Oc_mod_type:   62.0 B
                          Data:   55.0 B
                          name:   53.0 B
                           ind:   28.0 B
                          size:   28.0 B
Finished dataset : Ocean4
Check index
Begin Norma
Starting training for neurone : 4, 1/46 (Previous step : 77.904 s)
Getting dataset : Ocean1
Dataset used : /bettik/bouissob/Method_Data/COM_NEMO-CNRS/Method_3/Ocean1.csv
                            df: 101.2 MiB
                      Datasets:  104.0 B
                            li:   72.0 B
                          self:   64.0 B
                   Oc_mod_type:   62.0 B
                          Data:   55.0 B
                           ind:   24.0 B
Finished dataset : Ocean1
Getting dataset : Ocean2
Dataset used : /bettik/bouissob/Method_Data/COM_NEMO-CNRS/Method_3/Ocean2.csv
                            df: 221.3 MiB
                      Datasets:  104.0 B
                            li:   72.0 B
                          self:   64.0 B
                   Oc_mod_type:   62.0 B
                          Data:   55.0 B
                          name:   52.0 B
                           ind:   28.0 B
                          size:   28.0 B
Finished dataset : Ocean2
Getting dataset : Ocean3
Dataset used : /bettik/bouissob/Method_Data/COM_NEMO-CNRS/Method_3/Ocean3.csv
                            df: 778.2 MiB
                      Datasets:  104.0 B
                            li:   72.0 B
                          self:   64.0 B
                   Oc_mod_type:   62.0 B
                          Data:   55.0 B
                          name:   53.0 B
                           ind:   28.0 B
                          size:   28.0 B
Finished dataset : Ocean3
Getting dataset : Ocean4
Dataset used : /bettik/bouissob/Method_Data/COM_NEMO-CNRS/Method_3/Ocean4.csv
                            df:  1.3 GiB
                      Datasets:  104.0 B
                            li:   72.0 B
                          self:   64.0 B
                   Oc_mod_type:   62.0 B
                          Data:   55.0 B
                          name:   53.0 B
                           ind:   28.0 B
                          size:   28.0 B
Finished dataset : Ocean4
Check index
Begin Norma
Starting training for neurone : 8, 2/46 (Previous step : 89.462 s)
Getting dataset : Ocean1
Dataset used : /bettik/bouissob/Method_Data/COM_NEMO-CNRS/Method_3/Ocean1.csv
                            df: 101.2 MiB
                      Datasets:  104.0 B
                            li:   72.0 B
                          self:   64.0 B
                   Oc_mod_type:   62.0 B
                          Data:   55.0 B
                           ind:   24.0 B
Finished dataset : Ocean1
Getting dataset : Ocean2
Dataset used : /bettik/bouissob/Method_Data/COM_NEMO-CNRS/Method_3/Ocean2.csv
                            df: 221.3 MiB
                      Datasets:  104.0 B
                            li:   72.0 B
                          self:   64.0 B
                   Oc_mod_type:   62.0 B
                          Data:   55.0 B
                          name:   52.0 B
                           ind:   28.0 B
                          size:   28.0 B
Finished dataset : Ocean2
Getting dataset : Ocean3
Dataset used : /bettik/bouissob/Method_Data/COM_NEMO-CNRS/Method_3/Ocean3.csv
                            df: 778.2 MiB
                      Datasets:  104.0 B
                            li:   72.0 B
                          self:   64.0 B
                   Oc_mod_type:   62.0 B
                          Data:   55.0 B
                          name:   53.0 B
                           ind:   28.0 B
                          size:   28.0 B
Finished dataset : Ocean3
Getting dataset : Ocean4
Dataset used : /bettik/bouissob/Method_Data/COM_NEMO-CNRS/Method_3/Ocean4.csv
                            df:  1.3 GiB
                      Datasets:  104.0 B
                            li:   72.0 B
                          self:   64.0 B
                   Oc_mod_type:   62.0 B
                          Data:   55.0 B
                          name:   53.0 B
                           ind:   28.0 B
                          size:   28.0 B
Finished dataset : Ocean4
Check index
Begin Norma
Starting training for neurone : 16, 3/46 (Previous step : 93.380 s)
Getting dataset : Ocean1
Dataset used : /bettik/bouissob/Method_Data/COM_NEMO-CNRS/Method_3/Ocean1.csv
                            df: 101.2 MiB
                      Datasets:  104.0 B
                            li:   72.0 B
                          self:   64.0 B
                   Oc_mod_type:   62.0 B
                          Data:   55.0 B
                           ind:   24.0 B
Finished dataset : Ocean1
Getting dataset : Ocean2
Dataset used : /bettik/bouissob/Method_Data/COM_NEMO-CNRS/Method_3/Ocean2.csv
                            df: 221.3 MiB
                      Datasets:  104.0 B
                            li:   72.0 B
                          self:   64.0 B
                   Oc_mod_type:   62.0 B
                          Data:   55.0 B
                          name:   52.0 B
                           ind:   28.0 B
                          size:   28.0 B
Finished dataset : Ocean2
Getting dataset : Ocean3
Dataset used : /bettik/bouissob/Method_Data/COM_NEMO-CNRS/Method_3/Ocean3.csv
                            df: 778.2 MiB
                      Datasets:  104.0 B
                            li:   72.0 B
                          self:   64.0 B
                   Oc_mod_type:   62.0 B
                          Data:   55.0 B
                          name:   53.0 B
                           ind:   28.0 B
                          size:   28.0 B
Finished dataset : Ocean3
Getting dataset : Ocean4
Dataset used : /bettik/bouissob/Method_Data/COM_NEMO-CNRS/Method_3/Ocean4.csv
                            df:  1.3 GiB
                      Datasets:  104.0 B
                            li:   72.0 B
                          self:   64.0 B
                   Oc_mod_type:   62.0 B
                          Data:   55.0 B
                          name:   53.0 B
                           ind:   28.0 B
                          size:   28.0 B
Finished dataset : Ocean4
Check index
Begin Norma
Starting training for neurone : 32, 4/46 (Previous step : 103.115 s)
Getting dataset : Ocean1
Dataset used : /bettik/bouissob/Method_Data/COM_NEMO-CNRS/Method_3/Ocean1.csv
                            df: 101.2 MiB
                      Datasets:  104.0 B
                            li:   72.0 B
                          self:   64.0 B
                   Oc_mod_type:   62.0 B
                          Data:   55.0 B
                           ind:   24.0 B
Finished dataset : Ocean1
Getting dataset : Ocean2
Dataset used : /bettik/bouissob/Method_Data/COM_NEMO-CNRS/Method_3/Ocean2.csv
                            df: 221.3 MiB
                      Datasets:  104.0 B
                            li:   72.0 B
                          self:   64.0 B
                   Oc_mod_type:   62.0 B
                          Data:   55.0 B
                          name:   52.0 B
                           ind:   28.0 B
                          size:   28.0 B
Finished dataset : Ocean2
Getting dataset : Ocean3
Dataset used : /bettik/bouissob/Method_Data/COM_NEMO-CNRS/Method_3/Ocean3.csv
                            df: 778.2 MiB
                      Datasets:  104.0 B
                            li:   72.0 B
                          self:   64.0 B
                   Oc_mod_type:   62.0 B
                          Data:   55.0 B
                          name:   53.0 B
                           ind:   28.0 B
                          size:   28.0 B
Finished dataset : Ocean3
Getting dataset : Ocean4
Dataset used : /bettik/bouissob/Method_Data/COM_NEMO-CNRS/Method_3/Ocean4.csv
                            df:  1.3 GiB
                      Datasets:  104.0 B
                            li:   72.0 B
                          self:   64.0 B
                   Oc_mod_type:   62.0 B
                          Data:   55.0 B
                          name:   53.0 B
                           ind:   28.0 B
                          size:   28.0 B
Finished dataset : Ocean4
Check index
Begin Norma
Starting training for neurone : 64, 5/46 (Previous step : 143.759 s)
Getting dataset : Ocean1
Dataset used : /bettik/bouissob/Method_Data/COM_NEMO-CNRS/Method_3/Ocean1.csv
                            df: 101.2 MiB
                      Datasets:  104.0 B
                            li:   72.0 B
                          self:   64.0 B
                   Oc_mod_type:   62.0 B
                          Data:   55.0 B
                           ind:   24.0 B
Finished dataset : Ocean1
Getting dataset : Ocean2
Dataset used : /bettik/bouissob/Method_Data/COM_NEMO-CNRS/Method_3/Ocean2.csv
                            df: 221.3 MiB
                      Datasets:  104.0 B
                            li:   72.0 B
                          self:   64.0 B
                   Oc_mod_type:   62.0 B
                          Data:   55.0 B
                          name:   52.0 B
                           ind:   28.0 B
                          size:   28.0 B
Finished dataset : Ocean2
Getting dataset : Ocean3
Dataset used : /bettik/bouissob/Method_Data/COM_NEMO-CNRS/Method_3/Ocean3.csv
                            df: 778.2 MiB
                      Datasets:  104.0 B
                            li:   72.0 B
                          self:   64.0 B
                   Oc_mod_type:   62.0 B
                          Data:   55.0 B
                          name:   53.0 B
                           ind:   28.0 B
                          size:   28.0 B
Finished dataset : Ocean3
Getting dataset : Ocean4
Dataset used : /bettik/bouissob/Method_Data/COM_NEMO-CNRS/Method_3/Ocean4.csv
                            df:  1.3 GiB
                      Datasets:  104.0 B
                            li:   72.0 B
                          self:   64.0 B
                   Oc_mod_type:   62.0 B
                          Data:   55.0 B
                          name:   53.0 B
                           ind:   28.0 B
                          size:   28.0 B
Finished dataset : Ocean4
Check index
Begin Norma
Starting training for neurone : 8_8, 6/46 (Previous step : 141.045 s)
Getting dataset : Ocean1
Dataset used : /bettik/bouissob/Method_Data/COM_NEMO-CNRS/Method_3/Ocean1.csv
                            df: 101.2 MiB
                      Datasets:  104.0 B
                            li:   72.0 B
                          self:   64.0 B
                   Oc_mod_type:   62.0 B
                          Data:   55.0 B
                           ind:   24.0 B
Finished dataset : Ocean1
Getting dataset : Ocean2
Dataset used : /bettik/bouissob/Method_Data/COM_NEMO-CNRS/Method_3/Ocean2.csv
                            df: 221.3 MiB
                      Datasets:  104.0 B
                            li:   72.0 B
                          self:   64.0 B
                   Oc_mod_type:   62.0 B
                          Data:   55.0 B
                          name:   52.0 B
                           ind:   28.0 B
                          size:   28.0 B
Finished dataset : Ocean2
Getting dataset : Ocean3
Dataset used : /bettik/bouissob/Method_Data/COM_NEMO-CNRS/Method_3/Ocean3.csv
                            df: 778.2 MiB
                      Datasets:  104.0 B
                            li:   72.0 B
                          self:   64.0 B
                   Oc_mod_type:   62.0 B
                          Data:   55.0 B
                          name:   53.0 B
                           ind:   28.0 B
                          size:   28.0 B
Finished dataset : Ocean3
Getting dataset : Ocean4
Dataset used : /bettik/bouissob/Method_Data/COM_NEMO-CNRS/Method_3/Ocean4.csv
                            df:  1.3 GiB
                      Datasets:  104.0 B
                            li:   72.0 B
                          self:   64.0 B
                   Oc_mod_type:   62.0 B
                          Data:   55.0 B
                          name:   53.0 B
                           ind:   28.0 B
                          size:   28.0 B
Finished dataset : Ocean4
Check index
Begin Norma
Starting training for neurone : 8_16, 7/46 (Previous step : 102.483 s)
Getting dataset : Ocean1
Dataset used : /bettik/bouissob/Method_Data/COM_NEMO-CNRS/Method_3/Ocean1.csv
                            df: 101.2 MiB
                      Datasets:  104.0 B
                            li:   72.0 B
                          self:   64.0 B
                   Oc_mod_type:   62.0 B
                          Data:   55.0 B
                           ind:   24.0 B
Finished dataset : Ocean1
Getting dataset : Ocean2
Dataset used : /bettik/bouissob/Method_Data/COM_NEMO-CNRS/Method_3/Ocean2.csv
                            df: 221.3 MiB
                      Datasets:  104.0 B
                            li:   72.0 B
                          self:   64.0 B
                   Oc_mod_type:   62.0 B
                          Data:   55.0 B
                          name:   52.0 B
                           ind:   28.0 B
                          size:   28.0 B
Finished dataset : Ocean2
Getting dataset : Ocean3
Dataset used : /bettik/bouissob/Method_Data/COM_NEMO-CNRS/Method_3/Ocean3.csv
                            df: 778.2 MiB
                      Datasets:  104.0 B
                            li:   72.0 B
                          self:   64.0 B
                   Oc_mod_type:   62.0 B
                          Data:   55.0 B
                          name:   53.0 B
                           ind:   28.0 B
                          size:   28.0 B
Finished dataset : Ocean3
Getting dataset : Ocean4
Dataset used : /bettik/bouissob/Method_Data/COM_NEMO-CNRS/Method_3/Ocean4.csv
                            df:  1.3 GiB
                      Datasets:  104.0 B
                            li:   72.0 B
                          self:   64.0 B
                   Oc_mod_type:   62.0 B
                          Data:   55.0 B
                          name:   53.0 B
                           ind:   28.0 B
                          size:   28.0 B
Finished dataset : Ocean4
Check index
Begin Norma
Starting training for neurone : 8_32, 8/46 (Previous step : 105.293 s)
Getting dataset : Ocean1
Dataset used : /bettik/bouissob/Method_Data/COM_NEMO-CNRS/Method_3/Ocean1.csv
                            df: 101.2 MiB
                      Datasets:  104.0 B
                            li:   72.0 B
                          self:   64.0 B
                   Oc_mod_type:   62.0 B
                          Data:   55.0 B
                           ind:   24.0 B
Finished dataset : Ocean1
Getting dataset : Ocean2
Dataset used : /bettik/bouissob/Method_Data/COM_NEMO-CNRS/Method_3/Ocean2.csv
                            df: 221.3 MiB
                      Datasets:  104.0 B
                            li:   72.0 B
                          self:   64.0 B
                   Oc_mod_type:   62.0 B
                          Data:   55.0 B
                          name:   52.0 B
                           ind:   28.0 B
                          size:   28.0 B
Finished dataset : Ocean2
Getting dataset : Ocean3
Dataset used : /bettik/bouissob/Method_Data/COM_NEMO-CNRS/Method_3/Ocean3.csv
                            df: 778.2 MiB
                      Datasets:  104.0 B
                            li:   72.0 B
                          self:   64.0 B
                   Oc_mod_type:   62.0 B
                          Data:   55.0 B
                          name:   53.0 B
                           ind:   28.0 B
                          size:   28.0 B
Finished dataset : Ocean3
Getting dataset : Ocean4
Dataset used : /bettik/bouissob/Method_Data/COM_NEMO-CNRS/Method_3/Ocean4.csv
                            df:  1.3 GiB
                      Datasets:  104.0 B
                            li:   72.0 B
                          self:   64.0 B
                   Oc_mod_type:   62.0 B
                          Data:   55.0 B
                          name:   53.0 B
                           ind:   28.0 B
                          size:   28.0 B
Finished dataset : Ocean4
Check index
Begin Norma
Starting training for neurone : 8_64, 9/46 (Previous step : 161.520 s)
Getting dataset : Ocean1
Dataset used : /bettik/bouissob/Method_Data/COM_NEMO-CNRS/Method_3/Ocean1.csv
                            df: 101.2 MiB
                      Datasets:  104.0 B
                            li:   72.0 B
                          self:   64.0 B
                   Oc_mod_type:   62.0 B
                          Data:   55.0 B
                           ind:   24.0 B
Finished dataset : Ocean1
Getting dataset : Ocean2
Dataset used : /bettik/bouissob/Method_Data/COM_NEMO-CNRS/Method_3/Ocean2.csv
                            df: 221.3 MiB
                      Datasets:  104.0 B
                            li:   72.0 B
                          self:   64.0 B
                   Oc_mod_type:   62.0 B
                          Data:   55.0 B
                          name:   52.0 B
                           ind:   28.0 B
                          size:   28.0 B
Finished dataset : Ocean2
Getting dataset : Ocean3
Dataset used : /bettik/bouissob/Method_Data/COM_NEMO-CNRS/Method_3/Ocean3.csv
                            df: 778.2 MiB
                      Datasets:  104.0 B
                            li:   72.0 B
                          self:   64.0 B
                   Oc_mod_type:   62.0 B
                          Data:   55.0 B
                          name:   53.0 B
                           ind:   28.0 B
                          size:   28.0 B
Finished dataset : Ocean3
Getting dataset : Ocean4
Dataset used : /bettik/bouissob/Method_Data/COM_NEMO-CNRS/Method_3/Ocean4.csv
                            df:  1.3 GiB
                      Datasets:  104.0 B
                            li:   72.0 B
                          self:   64.0 B
                   Oc_mod_type:   62.0 B
                          Data:   55.0 B
                          name:   53.0 B
                           ind:   28.0 B
                          size:   28.0 B
Finished dataset : Ocean4
Check index
Begin Norma
Starting training for neurone : 16_16, 10/46 (Previous step : 157.824 s)
Getting dataset : Ocean1
Dataset used : /bettik/bouissob/Method_Data/COM_NEMO-CNRS/Method_3/Ocean1.csv
                            df: 101.2 MiB
                      Datasets:  104.0 B
                            li:   72.0 B
                          self:   64.0 B
                   Oc_mod_type:   62.0 B
                          Data:   55.0 B
                           ind:   24.0 B
Finished dataset : Ocean1
Getting dataset : Ocean2
Dataset used : /bettik/bouissob/Method_Data/COM_NEMO-CNRS/Method_3/Ocean2.csv
                            df: 221.3 MiB
                      Datasets:  104.0 B
                            li:   72.0 B
                          self:   64.0 B
                   Oc_mod_type:   62.0 B
                          Data:   55.0 B
                          name:   52.0 B
                           ind:   28.0 B
                          size:   28.0 B
Finished dataset : Ocean2
Getting dataset : Ocean3
Dataset used : /bettik/bouissob/Method_Data/COM_NEMO-CNRS/Method_3/Ocean3.csv
                            df: 778.2 MiB
                      Datasets:  104.0 B
                            li:   72.0 B
                          self:   64.0 B
                   Oc_mod_type:   62.0 B
                          Data:   55.0 B
                          name:   53.0 B
                           ind:   28.0 B
                          size:   28.0 B
Finished dataset : Ocean3
Getting dataset : Ocean4
Dataset used : /bettik/bouissob/Method_Data/COM_NEMO-CNRS/Method_3/Ocean4.csv
                            df:  1.3 GiB
                      Datasets:  104.0 B
                            li:   72.0 B
                          self:   64.0 B
                   Oc_mod_type:   62.0 B
                          Data:   55.0 B
                          name:   53.0 B
                           ind:   28.0 B
                          size:   28.0 B
Finished dataset : Ocean4
Check index
Begin Norma
Starting training for neurone : 16_32, 11/46 (Previous step : 110.772 s)
Getting dataset : Ocean1
Dataset used : /bettik/bouissob/Method_Data/COM_NEMO-CNRS/Method_3/Ocean1.csv
                            df: 101.2 MiB
                      Datasets:  104.0 B
                            li:   72.0 B
                          self:   64.0 B
                   Oc_mod_type:   62.0 B
                          Data:   55.0 B
                           ind:   24.0 B
Finished dataset : Ocean1
Getting dataset : Ocean2
Dataset used : /bettik/bouissob/Method_Data/COM_NEMO-CNRS/Method_3/Ocean2.csv
                            df: 221.3 MiB
                      Datasets:  104.0 B
                            li:   72.0 B
                          self:   64.0 B
                   Oc_mod_type:   62.0 B
                          Data:   55.0 B
                          name:   52.0 B
                           ind:   28.0 B
                          size:   28.0 B
Finished dataset : Ocean2
Getting dataset : Ocean3
Dataset used : /bettik/bouissob/Method_Data/COM_NEMO-CNRS/Method_3/Ocean3.csv
                            df: 778.2 MiB
                      Datasets:  104.0 B
                            li:   72.0 B
                          self:   64.0 B
                   Oc_mod_type:   62.0 B
                          Data:   55.0 B
                          name:   53.0 B
                           ind:   28.0 B
                          size:   28.0 B
Finished dataset : Ocean3
Getting dataset : Ocean4
Dataset used : /bettik/bouissob/Method_Data/COM_NEMO-CNRS/Method_3/Ocean4.csv
                            df:  1.3 GiB
                      Datasets:  104.0 B
                            li:   72.0 B
                          self:   64.0 B
                   Oc_mod_type:   62.0 B
                          Data:   55.0 B
                          name:   53.0 B
                           ind:   28.0 B
                          size:   28.0 B
Finished dataset : Ocean4
Check index
Begin Norma
Starting training for neurone : 16_64, 12/46 (Previous step : 154.639 s)
Getting dataset : Ocean1
Dataset used : /bettik/bouissob/Method_Data/COM_NEMO-CNRS/Method_3/Ocean1.csv
                            df: 101.2 MiB
                      Datasets:  104.0 B
                            li:   72.0 B
                          self:   64.0 B
                   Oc_mod_type:   62.0 B
                          Data:   55.0 B
                           ind:   24.0 B
Finished dataset : Ocean1
Getting dataset : Ocean2
Dataset used : /bettik/bouissob/Method_Data/COM_NEMO-CNRS/Method_3/Ocean2.csv
                            df: 221.3 MiB
                      Datasets:  104.0 B
                            li:   72.0 B
                          self:   64.0 B
                   Oc_mod_type:   62.0 B
                          Data:   55.0 B
                          name:   52.0 B
                           ind:   28.0 B
                          size:   28.0 B
Finished dataset : Ocean2
Getting dataset : Ocean3
Dataset used : /bettik/bouissob/Method_Data/COM_NEMO-CNRS/Method_3/Ocean3.csv
                            df: 778.2 MiB
                      Datasets:  104.0 B
                            li:   72.0 B
                          self:   64.0 B
                   Oc_mod_type:   62.0 B
                          Data:   55.0 B
                          name:   53.0 B
                           ind:   28.0 B
                          size:   28.0 B
Finished dataset : Ocean3
Getting dataset : Ocean4
Dataset used : /bettik/bouissob/Method_Data/COM_NEMO-CNRS/Method_3/Ocean4.csv
                            df:  1.3 GiB
                      Datasets:  104.0 B
                            li:   72.0 B
                          self:   64.0 B
                   Oc_mod_type:   62.0 B
                          Data:   55.0 B
                          name:   53.0 B
                           ind:   28.0 B
                          size:   28.0 B
Finished dataset : Ocean4
Check index
Begin Norma
Starting training for neurone : 32_32, 13/46 (Previous step : 151.844 s)
Getting dataset : Ocean1
Dataset used : /bettik/bouissob/Method_Data/COM_NEMO-CNRS/Method_3/Ocean1.csv
                            df: 101.2 MiB
                      Datasets:  104.0 B
                            li:   72.0 B
                          self:   64.0 B
                   Oc_mod_type:   62.0 B
                          Data:   55.0 B
                           ind:   24.0 B
Finished dataset : Ocean1
Getting dataset : Ocean2
Dataset used : /bettik/bouissob/Method_Data/COM_NEMO-CNRS/Method_3/Ocean2.csv
                            df: 221.3 MiB
                      Datasets:  104.0 B
                            li:   72.0 B
                          self:   64.0 B
                   Oc_mod_type:   62.0 B
                          Data:   55.0 B
                          name:   52.0 B
                           ind:   28.0 B
                          size:   28.0 B
Finished dataset : Ocean2
Getting dataset : Ocean3
Dataset used : /bettik/bouissob/Method_Data/COM_NEMO-CNRS/Method_3/Ocean3.csv
                            df: 778.2 MiB
                      Datasets:  104.0 B
                            li:   72.0 B
                          self:   64.0 B
                   Oc_mod_type:   62.0 B
                          Data:   55.0 B
                          name:   53.0 B
                           ind:   28.0 B
                          size:   28.0 B
Finished dataset : Ocean3
Getting dataset : Ocean4
Dataset used : /bettik/bouissob/Method_Data/COM_NEMO-CNRS/Method_3/Ocean4.csv
                            df:  1.3 GiB
                      Datasets:  104.0 B
                            li:   72.0 B
                          self:   64.0 B
                   Oc_mod_type:   62.0 B
                          Data:   55.0 B
                          name:   53.0 B
                           ind:   28.0 B
                          size:   28.0 B
Finished dataset : Ocean4
Check index
Begin Norma
Starting training for neurone : 32_64, 14/46 (Previous step : 196.837 s)
Getting dataset : Ocean1
Dataset used : /bettik/bouissob/Method_Data/COM_NEMO-CNRS/Method_3/Ocean1.csv
                            df: 101.2 MiB
                      Datasets:  104.0 B
                            li:   72.0 B
                          self:   64.0 B
                   Oc_mod_type:   62.0 B
                          Data:   55.0 B
                           ind:   24.0 B
Finished dataset : Ocean1
Getting dataset : Ocean2
Dataset used : /bettik/bouissob/Method_Data/COM_NEMO-CNRS/Method_3/Ocean2.csv
                            df: 221.3 MiB
                      Datasets:  104.0 B
                            li:   72.0 B
                          self:   64.0 B
                   Oc_mod_type:   62.0 B
                          Data:   55.0 B
                          name:   52.0 B
                           ind:   28.0 B
                          size:   28.0 B
Finished dataset : Ocean2
Getting dataset : Ocean3
Dataset used : /bettik/bouissob/Method_Data/COM_NEMO-CNRS/Method_3/Ocean3.csv
                            df: 778.2 MiB
                      Datasets:  104.0 B
                            li:   72.0 B
                          self:   64.0 B
                   Oc_mod_type:   62.0 B
                          Data:   55.0 B
                          name:   53.0 B
                           ind:   28.0 B
                          size:   28.0 B
Finished dataset : Ocean3
Getting dataset : Ocean4
Dataset used : /bettik/bouissob/Method_Data/COM_NEMO-CNRS/Method_3/Ocean4.csv
                            df:  1.3 GiB
                      Datasets:  104.0 B
                            li:   72.0 B
                          self:   64.0 B
                   Oc_mod_type:   62.0 B
                          Data:   55.0 B
                          name:   53.0 B
                           ind:   28.0 B
                          size:   28.0 B
Finished dataset : Ocean4
Check index
Begin Norma
Starting training for neurone : 64_64, 15/46 (Previous step : 198.001 s)
Getting dataset : Ocean1
Dataset used : /bettik/bouissob/Method_Data/COM_NEMO-CNRS/Method_3/Ocean1.csv
                            df: 101.2 MiB
                      Datasets:  104.0 B
                            li:   72.0 B
                          self:   64.0 B
                   Oc_mod_type:   62.0 B
                          Data:   55.0 B
                           ind:   24.0 B
Finished dataset : Ocean1
Getting dataset : Ocean2
Dataset used : /bettik/bouissob/Method_Data/COM_NEMO-CNRS/Method_3/Ocean2.csv
                            df: 221.3 MiB
                      Datasets:  104.0 B
                            li:   72.0 B
                          self:   64.0 B
                   Oc_mod_type:   62.0 B
                          Data:   55.0 B
                          name:   52.0 B
                           ind:   28.0 B
                          size:   28.0 B
Finished dataset : Ocean2
Getting dataset : Ocean3
Dataset used : /bettik/bouissob/Method_Data/COM_NEMO-CNRS/Method_3/Ocean3.csv
                            df: 778.2 MiB
                      Datasets:  104.0 B
                            li:   72.0 B
                          self:   64.0 B
                   Oc_mod_type:   62.0 B
                          Data:   55.0 B
                          name:   53.0 B
                           ind:   28.0 B
                          size:   28.0 B
Finished dataset : Ocean3
Getting dataset : Ocean4
Dataset used : /bettik/bouissob/Method_Data/COM_NEMO-CNRS/Method_3/Ocean4.csv
                            df:  1.3 GiB
                      Datasets:  104.0 B
                            li:   72.0 B
                          self:   64.0 B
                   Oc_mod_type:   62.0 B
                          Data:   55.0 B
                          name:   53.0 B
                           ind:   28.0 B
                          size:   28.0 B
Finished dataset : Ocean4
Check index
Begin Norma
Starting training for neurone : 16_16_16, 16/46 (Previous step : 204.603 s)
Getting dataset : Ocean1
Dataset used : /bettik/bouissob/Method_Data/COM_NEMO-CNRS/Method_3/Ocean1.csv
                            df: 101.2 MiB
                      Datasets:  104.0 B
                            li:   72.0 B
                          self:   64.0 B
                   Oc_mod_type:   62.0 B
                          Data:   55.0 B
                           ind:   24.0 B
Finished dataset : Ocean1
Getting dataset : Ocean2
Dataset used : /bettik/bouissob/Method_Data/COM_NEMO-CNRS/Method_3/Ocean2.csv
                            df: 221.3 MiB
                      Datasets:  104.0 B
                            li:   72.0 B
                          self:   64.0 B
                   Oc_mod_type:   62.0 B
                          Data:   55.0 B
                          name:   52.0 B
                           ind:   28.0 B
                          size:   28.0 B
Finished dataset : Ocean2
Getting dataset : Ocean3
Dataset used : /bettik/bouissob/Method_Data/COM_NEMO-CNRS/Method_3/Ocean3.csv
                            df: 778.2 MiB
                      Datasets:  104.0 B
                            li:   72.0 B
                          self:   64.0 B
                   Oc_mod_type:   62.0 B
                          Data:   55.0 B
                          name:   53.0 B
                           ind:   28.0 B
                          size:   28.0 B
Finished dataset : Ocean3
Getting dataset : Ocean4
Dataset used : /bettik/bouissob/Method_Data/COM_NEMO-CNRS/Method_3/Ocean4.csv
                            df:  1.3 GiB
                      Datasets:  104.0 B
                            li:   72.0 B
                          self:   64.0 B
                   Oc_mod_type:   62.0 B
                          Data:   55.0 B
                          name:   53.0 B
                           ind:   28.0 B
                          size:   28.0 B
Finished dataset : Ocean4
Check index
Begin Norma
Starting training for neurone : 16_16_32, 17/46 (Previous step : 127.768 s)
Getting dataset : Ocean1
Dataset used : /bettik/bouissob/Method_Data/COM_NEMO-CNRS/Method_3/Ocean1.csv
                            df: 101.2 MiB
                      Datasets:  104.0 B
                            li:   72.0 B
                          self:   64.0 B
                   Oc_mod_type:   62.0 B
                          Data:   55.0 B
                           ind:   24.0 B
Finished dataset : Ocean1
Getting dataset : Ocean2
Dataset used : /bettik/bouissob/Method_Data/COM_NEMO-CNRS/Method_3/Ocean2.csv
                            df: 221.3 MiB
                      Datasets:  104.0 B
                            li:   72.0 B
                          self:   64.0 B
                   Oc_mod_type:   62.0 B
                          Data:   55.0 B
                          name:   52.0 B
                           ind:   28.0 B
                          size:   28.0 B
Finished dataset : Ocean2
Getting dataset : Ocean3
Dataset used : /bettik/bouissob/Method_Data/COM_NEMO-CNRS/Method_3/Ocean3.csv
                            df: 778.2 MiB
                      Datasets:  104.0 B
                            li:   72.0 B
                          self:   64.0 B
                   Oc_mod_type:   62.0 B
                          Data:   55.0 B
                          name:   53.0 B
                           ind:   28.0 B
                          size:   28.0 B
Finished dataset : Ocean3
Getting dataset : Ocean4
Dataset used : /bettik/bouissob/Method_Data/COM_NEMO-CNRS/Method_3/Ocean4.csv
                            df:  1.3 GiB
                      Datasets:  104.0 B
                            li:   72.0 B
                          self:   64.0 B
                   Oc_mod_type:   62.0 B
                          Data:   55.0 B
                          name:   53.0 B
                           ind:   28.0 B
                          size:   28.0 B
Finished dataset : Ocean4
Check index
Begin Norma
Starting training for neurone : 16_16_64, 18/46 (Previous step : 185.178 s)
Getting dataset : Ocean1
Dataset used : /bettik/bouissob/Method_Data/COM_NEMO-CNRS/Method_3/Ocean1.csv
                            df: 101.2 MiB
                      Datasets:  104.0 B
                            li:   72.0 B
                          self:   64.0 B
                   Oc_mod_type:   62.0 B
                          Data:   55.0 B
                           ind:   24.0 B
Finished dataset : Ocean1
Getting dataset : Ocean2
Dataset used : /bettik/bouissob/Method_Data/COM_NEMO-CNRS/Method_3/Ocean2.csv
                            df: 221.3 MiB
                      Datasets:  104.0 B
                            li:   72.0 B
                          self:   64.0 B
                   Oc_mod_type:   62.0 B
                          Data:   55.0 B
                          name:   52.0 B
                           ind:   28.0 B
                          size:   28.0 B
Finished dataset : Ocean2
Getting dataset : Ocean3
Dataset used : /bettik/bouissob/Method_Data/COM_NEMO-CNRS/Method_3/Ocean3.csv
                            df: 778.2 MiB
                      Datasets:  104.0 B
                            li:   72.0 B
                          self:   64.0 B
                   Oc_mod_type:   62.0 B
                          Data:   55.0 B
                          name:   53.0 B
                           ind:   28.0 B
                          size:   28.0 B
Finished dataset : Ocean3
Getting dataset : Ocean4
Dataset used : /bettik/bouissob/Method_Data/COM_NEMO-CNRS/Method_3/Ocean4.csv
                            df:  1.3 GiB
                      Datasets:  104.0 B
                            li:   72.0 B
                          self:   64.0 B
                   Oc_mod_type:   62.0 B
                          Data:   55.0 B
                          name:   53.0 B
                           ind:   28.0 B
                          size:   28.0 B
Finished dataset : Ocean4
Check index
Begin Norma
Starting training for neurone : 32_32_32, 19/46 (Previous step : 181.445 s)
Getting dataset : Ocean1
Dataset used : /bettik/bouissob/Method_Data/COM_NEMO-CNRS/Method_3/Ocean1.csv
                            df: 101.2 MiB
                      Datasets:  104.0 B
                            li:   72.0 B
                          self:   64.0 B
                   Oc_mod_type:   62.0 B
                          Data:   55.0 B
                           ind:   24.0 B
Finished dataset : Ocean1
Getting dataset : Ocean2
Dataset used : /bettik/bouissob/Method_Data/COM_NEMO-CNRS/Method_3/Ocean2.csv
                            df: 221.3 MiB
                      Datasets:  104.0 B
                            li:   72.0 B
                          self:   64.0 B
                   Oc_mod_type:   62.0 B
                          Data:   55.0 B
                          name:   52.0 B
                           ind:   28.0 B
                          size:   28.0 B
Finished dataset : Ocean2
Getting dataset : Ocean3
Dataset used : /bettik/bouissob/Method_Data/COM_NEMO-CNRS/Method_3/Ocean3.csv
                            df: 778.2 MiB
                      Datasets:  104.0 B
                            li:   72.0 B
                          self:   64.0 B
                   Oc_mod_type:   62.0 B
                          Data:   55.0 B
                          name:   53.0 B
                           ind:   28.0 B
                          size:   28.0 B
Finished dataset : Ocean3
Getting dataset : Ocean4
Dataset used : /bettik/bouissob/Method_Data/COM_NEMO-CNRS/Method_3/Ocean4.csv
                            df:  1.3 GiB
                      Datasets:  104.0 B
                            li:   72.0 B
                          self:   64.0 B
                   Oc_mod_type:   62.0 B
                          Data:   55.0 B
                          name:   53.0 B
                           ind:   28.0 B
                          size:   28.0 B
Finished dataset : Ocean4
Check index
Begin Norma
Starting training for neurone : 32_32_64, 20/46 (Previous step : 244.435 s)
Getting dataset : Ocean1
Dataset used : /bettik/bouissob/Method_Data/COM_NEMO-CNRS/Method_3/Ocean1.csv
                            df: 101.2 MiB
                      Datasets:  104.0 B
                            li:   72.0 B
                          self:   64.0 B
                   Oc_mod_type:   62.0 B
                          Data:   55.0 B
                           ind:   24.0 B
Finished dataset : Ocean1
Getting dataset : Ocean2
Dataset used : /bettik/bouissob/Method_Data/COM_NEMO-CNRS/Method_3/Ocean2.csv
                            df: 221.3 MiB
                      Datasets:  104.0 B
                            li:   72.0 B
                          self:   64.0 B
                   Oc_mod_type:   62.0 B
                          Data:   55.0 B
                          name:   52.0 B
                           ind:   28.0 B
                          size:   28.0 B
Finished dataset : Ocean2
Getting dataset : Ocean3
Dataset used : /bettik/bouissob/Method_Data/COM_NEMO-CNRS/Method_3/Ocean3.csv
                            df: 778.2 MiB
                      Datasets:  104.0 B
                            li:   72.0 B
                          self:   64.0 B
                   Oc_mod_type:   62.0 B
                          Data:   55.0 B
                          name:   53.0 B
                           ind:   28.0 B
                          size:   28.0 B
Finished dataset : Ocean3
Getting dataset : Ocean4
Dataset used : /bettik/bouissob/Method_Data/COM_NEMO-CNRS/Method_3/Ocean4.csv
                            df:  1.3 GiB
                      Datasets:  104.0 B
                            li:   72.0 B
                          self:   64.0 B
                   Oc_mod_type:   62.0 B
                          Data:   55.0 B
                          name:   53.0 B
                           ind:   28.0 B
                          size:   28.0 B
Finished dataset : Ocean4
Check index
Begin Norma
Starting training for neurone : 32_64_64, 21/46 (Previous step : 245.524 s)
Getting dataset : Ocean1
Dataset used : /bettik/bouissob/Method_Data/COM_NEMO-CNRS/Method_3/Ocean1.csv
                            df: 101.2 MiB
                      Datasets:  104.0 B
                            li:   72.0 B
                          self:   64.0 B
                   Oc_mod_type:   62.0 B
                          Data:   55.0 B
                           ind:   24.0 B
Finished dataset : Ocean1
Getting dataset : Ocean2
Dataset used : /bettik/bouissob/Method_Data/COM_NEMO-CNRS/Method_3/Ocean2.csv
                            df: 221.3 MiB
                      Datasets:  104.0 B
                            li:   72.0 B
                          self:   64.0 B
                   Oc_mod_type:   62.0 B
                          Data:   55.0 B
                          name:   52.0 B
                           ind:   28.0 B
                          size:   28.0 B
Finished dataset : Ocean2
Getting dataset : Ocean3
Dataset used : /bettik/bouissob/Method_Data/COM_NEMO-CNRS/Method_3/Ocean3.csv
                            df: 778.2 MiB
                      Datasets:  104.0 B
                            li:   72.0 B
                          self:   64.0 B
                   Oc_mod_type:   62.0 B
                          Data:   55.0 B
                          name:   53.0 B
                           ind:   28.0 B
                          size:   28.0 B
Finished dataset : Ocean3
Getting dataset : Ocean4
Dataset used : /bettik/bouissob/Method_Data/COM_NEMO-CNRS/Method_3/Ocean4.csv
                            df:  1.3 GiB
                      Datasets:  104.0 B
                            li:   72.0 B
                          self:   64.0 B
                   Oc_mod_type:   62.0 B
                          Data:   55.0 B
                          name:   53.0 B
                           ind:   28.0 B
                          size:   28.0 B
Finished dataset : Ocean4
Check index
Begin Norma
Starting training for neurone : 64_64_64, 22/46 (Previous step : 233.628 s)
Getting dataset : Ocean1
Dataset used : /bettik/bouissob/Method_Data/COM_NEMO-CNRS/Method_3/Ocean1.csv
                            df: 101.2 MiB
                      Datasets:  104.0 B
                            li:   72.0 B
                          self:   64.0 B
                   Oc_mod_type:   62.0 B
                          Data:   55.0 B
                           ind:   24.0 B
Finished dataset : Ocean1
Getting dataset : Ocean2
Dataset used : /bettik/bouissob/Method_Data/COM_NEMO-CNRS/Method_3/Ocean2.csv
                            df: 221.3 MiB
                      Datasets:  104.0 B
                            li:   72.0 B
                          self:   64.0 B
                   Oc_mod_type:   62.0 B
                          Data:   55.0 B
                          name:   52.0 B
                           ind:   28.0 B
                          size:   28.0 B
Finished dataset : Ocean2
Getting dataset : Ocean3
Dataset used : /bettik/bouissob/Method_Data/COM_NEMO-CNRS/Method_3/Ocean3.csv
                            df: 778.2 MiB
                      Datasets:  104.0 B
                            li:   72.0 B
                          self:   64.0 B
                   Oc_mod_type:   62.0 B
                          Data:   55.0 B
                          name:   53.0 B
                           ind:   28.0 B
                          size:   28.0 B
Finished dataset : Ocean3
Getting dataset : Ocean4
Dataset used : /bettik/bouissob/Method_Data/COM_NEMO-CNRS/Method_3/Ocean4.csv
                            df:  1.3 GiB
                      Datasets:  104.0 B
                            li:   72.0 B
                          self:   64.0 B
                   Oc_mod_type:   62.0 B
                          Data:   55.0 B
                          name:   53.0 B
                           ind:   28.0 B
                          size:   28.0 B
Finished dataset : Ocean4
Check index
Begin Norma
Starting training for neurone : 32_32_32_32, 23/46 (Previous step : 251.361 s)
Getting dataset : Ocean1
Dataset used : /bettik/bouissob/Method_Data/COM_NEMO-CNRS/Method_3/Ocean1.csv
                            df: 101.2 MiB
                      Datasets:  104.0 B
                            li:   72.0 B
                          self:   64.0 B
                   Oc_mod_type:   62.0 B
                          Data:   55.0 B
                           ind:   24.0 B
Finished dataset : Ocean1
Getting dataset : Ocean2
Dataset used : /bettik/bouissob/Method_Data/COM_NEMO-CNRS/Method_3/Ocean2.csv
                            df: 221.3 MiB
                      Datasets:  104.0 B
                            li:   72.0 B
                          self:   64.0 B
                   Oc_mod_type:   62.0 B
                          Data:   55.0 B
                          name:   52.0 B
                           ind:   28.0 B
                          size:   28.0 B
Finished dataset : Ocean2
Getting dataset : Ocean3
Dataset used : /bettik/bouissob/Method_Data/COM_NEMO-CNRS/Method_3/Ocean3.csv
                            df: 778.2 MiB
                      Datasets:  104.0 B
                            li:   72.0 B
                          self:   64.0 B
                   Oc_mod_type:   62.0 B
                          Data:   55.0 B
                          name:   53.0 B
                           ind:   28.0 B
                          size:   28.0 B
Finished dataset : Ocean3
Getting dataset : Ocean4
Dataset used : /bettik/bouissob/Method_Data/COM_NEMO-CNRS/Method_3/Ocean4.csv
                            df:  1.3 GiB
                      Datasets:  104.0 B
                            li:   72.0 B
                          self:   64.0 B
                   Oc_mod_type:   62.0 B
                          Data:   55.0 B
                          name:   53.0 B
                           ind:   28.0 B
                          size:   28.0 B
Finished dataset : Ocean4
Check index
Begin Norma
Starting training for neurone : 32_32_32_64, 24/46 (Previous step : 326.400 s)
Getting dataset : Ocean1
Dataset used : /bettik/bouissob/Method_Data/COM_NEMO-CNRS/Method_3/Ocean1.csv
                            df: 101.2 MiB
                      Datasets:  104.0 B
                            li:   72.0 B
                          self:   64.0 B
                   Oc_mod_type:   62.0 B
                          Data:   55.0 B
                           ind:   24.0 B
Finished dataset : Ocean1
Getting dataset : Ocean2
Dataset used : /bettik/bouissob/Method_Data/COM_NEMO-CNRS/Method_3/Ocean2.csv
                            df: 221.3 MiB
                      Datasets:  104.0 B
                            li:   72.0 B
                          self:   64.0 B
                   Oc_mod_type:   62.0 B
                          Data:   55.0 B
                          name:   52.0 B
                           ind:   28.0 B
                          size:   28.0 B
Finished dataset : Ocean2
Getting dataset : Ocean3
Dataset used : /bettik/bouissob/Method_Data/COM_NEMO-CNRS/Method_3/Ocean3.csv
                            df: 778.2 MiB
                      Datasets:  104.0 B
                            li:   72.0 B
                          self:   64.0 B
                   Oc_mod_type:   62.0 B
                          Data:   55.0 B
                          name:   53.0 B
                           ind:   28.0 B
                          size:   28.0 B
Finished dataset : Ocean3
Getting dataset : Ocean4
Dataset used : /bettik/bouissob/Method_Data/COM_NEMO-CNRS/Method_3/Ocean4.csv
                            df:  1.3 GiB
                      Datasets:  104.0 B
                            li:   72.0 B
                          self:   64.0 B
                   Oc_mod_type:   62.0 B
                          Data:   55.0 B
                          name:   53.0 B
                           ind:   28.0 B
                          size:   28.0 B
Finished dataset : Ocean4
Check index
Begin Norma
Starting training for neurone : 32_32_32_96, 25/46 (Previous step : 296.972 s)
Getting dataset : Ocean1
Dataset used : /bettik/bouissob/Method_Data/COM_NEMO-CNRS/Method_3/Ocean1.csv
                            df: 101.2 MiB
                      Datasets:  104.0 B
                            li:   72.0 B
                          self:   64.0 B
                   Oc_mod_type:   62.0 B
                          Data:   55.0 B
                           ind:   24.0 B
Finished dataset : Ocean1
Getting dataset : Ocean2
Dataset used : /bettik/bouissob/Method_Data/COM_NEMO-CNRS/Method_3/Ocean2.csv
                            df: 221.3 MiB
                      Datasets:  104.0 B
                            li:   72.0 B
                          self:   64.0 B
                   Oc_mod_type:   62.0 B
                          Data:   55.0 B
                          name:   52.0 B
                           ind:   28.0 B
                          size:   28.0 B
Finished dataset : Ocean2
Getting dataset : Ocean3
Dataset used : /bettik/bouissob/Method_Data/COM_NEMO-CNRS/Method_3/Ocean3.csv
                            df: 778.2 MiB
                      Datasets:  104.0 B
                            li:   72.0 B
                          self:   64.0 B
                   Oc_mod_type:   62.0 B
                          Data:   55.0 B
                          name:   53.0 B
                           ind:   28.0 B
                          size:   28.0 B
Finished dataset : Ocean3
Getting dataset : Ocean4
Dataset used : /bettik/bouissob/Method_Data/COM_NEMO-CNRS/Method_3/Ocean4.csv
                            df:  1.3 GiB
                      Datasets:  104.0 B
                            li:   72.0 B
                          self:   64.0 B
                   Oc_mod_type:   62.0 B
                          Data:   55.0 B
                          name:   53.0 B
                           ind:   28.0 B
                          size:   28.0 B
Finished dataset : Ocean4
Check index
Begin Norma
Starting training for neurone : 32_32_64_64, 26/46 (Previous step : 326.866 s)
Getting dataset : Ocean1
Dataset used : /bettik/bouissob/Method_Data/COM_NEMO-CNRS/Method_3/Ocean1.csv
                            df: 101.2 MiB
                      Datasets:  104.0 B
                            li:   72.0 B
                          self:   64.0 B
                   Oc_mod_type:   62.0 B
                          Data:   55.0 B
                           ind:   24.0 B
Finished dataset : Ocean1
Getting dataset : Ocean2
Dataset used : /bettik/bouissob/Method_Data/COM_NEMO-CNRS/Method_3/Ocean2.csv
                            df: 221.3 MiB
                      Datasets:  104.0 B
                            li:   72.0 B
                          self:   64.0 B
                   Oc_mod_type:   62.0 B
                          Data:   55.0 B
                          name:   52.0 B
                           ind:   28.0 B
                          size:   28.0 B
Finished dataset : Ocean2
Getting dataset : Ocean3
Dataset used : /bettik/bouissob/Method_Data/COM_NEMO-CNRS/Method_3/Ocean3.csv
                            df: 778.2 MiB
                      Datasets:  104.0 B
                            li:   72.0 B
                          self:   64.0 B
                   Oc_mod_type:   62.0 B
                          Data:   55.0 B
                          name:   53.0 B
                           ind:   28.0 B
                          size:   28.0 B
Finished dataset : Ocean3
Getting dataset : Ocean4
Dataset used : /bettik/bouissob/Method_Data/COM_NEMO-CNRS/Method_3/Ocean4.csv
                            df:  1.3 GiB
                      Datasets:  104.0 B
                            li:   72.0 B
                          self:   64.0 B
                   Oc_mod_type:   62.0 B
                          Data:   55.0 B
                          name:   53.0 B
                           ind:   28.0 B
                          size:   28.0 B
Finished dataset : Ocean4
Check index
Begin Norma
Starting training for neurone : 32_32_64_96, 27/46 (Previous step : 311.170 s)
Getting dataset : Ocean1
Dataset used : /bettik/bouissob/Method_Data/COM_NEMO-CNRS/Method_3/Ocean1.csv
                            df: 101.2 MiB
                      Datasets:  104.0 B
                            li:   72.0 B
                          self:   64.0 B
                   Oc_mod_type:   62.0 B
                          Data:   55.0 B
                           ind:   24.0 B
Finished dataset : Ocean1
Getting dataset : Ocean2
Dataset used : /bettik/bouissob/Method_Data/COM_NEMO-CNRS/Method_3/Ocean2.csv
                            df: 221.3 MiB
                      Datasets:  104.0 B
                            li:   72.0 B
                          self:   64.0 B
                   Oc_mod_type:   62.0 B
                          Data:   55.0 B
                          name:   52.0 B
                           ind:   28.0 B
                          size:   28.0 B
Finished dataset : Ocean2
Getting dataset : Ocean3
Dataset used : /bettik/bouissob/Method_Data/COM_NEMO-CNRS/Method_3/Ocean3.csv
                            df: 778.2 MiB
                      Datasets:  104.0 B
                            li:   72.0 B
                          self:   64.0 B
                   Oc_mod_type:   62.0 B
                          Data:   55.0 B
                          name:   53.0 B
                           ind:   28.0 B
                          size:   28.0 B
Finished dataset : Ocean3
Getting dataset : Ocean4
Dataset used : /bettik/bouissob/Method_Data/COM_NEMO-CNRS/Method_3/Ocean4.csv
                            df:  1.3 GiB
                      Datasets:  104.0 B
                            li:   72.0 B
                          self:   64.0 B
                   Oc_mod_type:   62.0 B
                          Data:   55.0 B
                          name:   53.0 B
                           ind:   28.0 B
                          size:   28.0 B
Finished dataset : Ocean4
Check index
Begin Norma
Starting training for neurone : 32_32_96_96, 28/46 (Previous step : 396.023 s)
Getting dataset : Ocean1
Dataset used : /bettik/bouissob/Method_Data/COM_NEMO-CNRS/Method_3/Ocean1.csv
                            df: 101.2 MiB
                      Datasets:  104.0 B
                            li:   72.0 B
                          self:   64.0 B
                   Oc_mod_type:   62.0 B
                          Data:   55.0 B
                           ind:   24.0 B
Finished dataset : Ocean1
Getting dataset : Ocean2
Dataset used : /bettik/bouissob/Method_Data/COM_NEMO-CNRS/Method_3/Ocean2.csv
                            df: 221.3 MiB