Switching to nixos-21.05
Switching to nixos-21.05
Switching to nixos-21.05
Switching to nixos-21.05
Projected training regiment :
 ['1', '8', '4_4', '16_16', '32_32', '16_16_16', '32_32_32', '64_64_64', '64_64_64_64', '96_96_96_96', '96_96_96_96_96', '128_128_128_128_128']
Getting dataset : Ocean1
Dataset used : /bettik/bouissob/Method_Data/COM_NEMO-CNRS/Method_4/Ocean1_lite.csv
Switching to nixos-21.05
Switching to nixos-21.05
Switching to nixos-21.05
Switching to nixos-21.05
Projected training regiment :
 ['1', '8', '4_4', '16_16', '32_32', '16_16_16', '32_32_32', '64_64_64', '64_64_64_64', '96_96_96_96', '96_96_96_96_96', '128_128_128_128_128']
Getting dataset : Ocean1
Dataset used : /bettik/bouissob/Method_Data/COM_NEMO-CNRS/Method_4/Ocean1_lite.csv
Getting dataset : Ocean2
Dataset used : /bettik/bouissob/Method_Data/COM_NEMO-CNRS/Method_4/Ocean2_lite.csv
Getting dataset : Ocean3
Dataset used : /bettik/bouissob/Method_Data/COM_NEMO-CNRS/Method_4/Ocean3_lite.csv
Getting dataset : Ocean4
Dataset used : /bettik/bouissob/Method_Data/COM_NEMO-CNRS/Method_4/Ocean4_lite.csv
Switching to nixos-21.05
Switching to nixos-21.05
Switching to nixos-21.05
Switching to nixos-21.05
Switching to nixos-21.05
Switching to nixos-21.05
PWD : /home/bouissob/Code
Projected training regiment :
 ['1', '8', '4_4', '16_16', '32_32', '16_16_16', '32_32_32', '64_64_64', '64_64_64_64', '96_96_96_96', '96_96_96_96_96', '128_128_128_128_128']
Starting training for neurone : 1, 0/12 (Previous step : 0.000 s)
Getting dataset : Ocean1
Dataset used : /bettik/bouissob/Method_Data/COM_NEMO-CNRS/Method_4/Ocean1_lite.csv
Getting dataset : Ocean2
Dataset used : /bettik/bouissob/Method_Data/COM_NEMO-CNRS/Method_4/Ocean2_lite.csv
Getting dataset : Ocean3
Dataset used : /bettik/bouissob/Method_Data/COM_NEMO-CNRS/Method_4/Ocean3_lite.csv
Getting dataset : Ocean4
Dataset used : /bettik/bouissob/Method_Data/COM_NEMO-CNRS/Method_4/Ocean4_lite.csv
Check index
Begin Norma
Starting training for neurone : 8, 1/12 (Previous step : 708.765 s)
Getting dataset : Ocean1
Dataset used : /bettik/bouissob/Method_Data/COM_NEMO-CNRS/Method_4/Ocean1_lite.csv
Getting dataset : Ocean2
Dataset used : /bettik/bouissob/Method_Data/COM_NEMO-CNRS/Method_4/Ocean2_lite.csv
Getting dataset : Ocean3
Dataset used : /bettik/bouissob/Method_Data/COM_NEMO-CNRS/Method_4/Ocean3_lite.csv
Getting dataset : Ocean4
Dataset used : /bettik/bouissob/Method_Data/COM_NEMO-CNRS/Method_4/Ocean4_lite.csv
Check index
Begin Norma
Starting training for neurone : 4_4, 2/12 (Previous step : 938.543 s)
Getting dataset : Ocean1
Dataset used : /bettik/bouissob/Method_Data/COM_NEMO-CNRS/Method_4/Ocean1_lite.csv
Getting dataset : Ocean2
Dataset used : /bettik/bouissob/Method_Data/COM_NEMO-CNRS/Method_4/Ocean2_lite.csv
Getting dataset : Ocean3
Dataset used : /bettik/bouissob/Method_Data/COM_NEMO-CNRS/Method_4/Ocean3_lite.csv
Getting dataset : Ocean4
Dataset used : /bettik/bouissob/Method_Data/COM_NEMO-CNRS/Method_4/Ocean4_lite.csv
Check index
Begin Norma
Starting training for neurone : 16_16, 3/12 (Previous step : 2236.786 s)
Getting dataset : Ocean1
Dataset used : /bettik/bouissob/Method_Data/COM_NEMO-CNRS/Method_4/Ocean1_lite.csv
Getting dataset : Ocean2
Dataset used : /bettik/bouissob/Method_Data/COM_NEMO-CNRS/Method_4/Ocean2_lite.csv
Getting dataset : Ocean3
Dataset used : /bettik/bouissob/Method_Data/COM_NEMO-CNRS/Method_4/Ocean3_lite.csv
Getting dataset : Ocean4
Dataset used : /bettik/bouissob/Method_Data/COM_NEMO-CNRS/Method_4/Ocean4_lite.csv
Check index
Begin Norma
Starting training for neurone : 32_32, 4/12 (Previous step : 934.893 s)
Getting dataset : Ocean1
Dataset used : /bettik/bouissob/Method_Data/COM_NEMO-CNRS/Method_4/Ocean1_lite.csv
Getting dataset : Ocean2
Dataset used : /bettik/bouissob/Method_Data/COM_NEMO-CNRS/Method_4/Ocean2_lite.csv
Getting dataset : Ocean3
Dataset used : /bettik/bouissob/Method_Data/COM_NEMO-CNRS/Method_4/Ocean3_lite.csv
Getting dataset : Ocean4
Dataset used : /bettik/bouissob/Method_Data/COM_NEMO-CNRS/Method_4/Ocean4_lite.csv
Check index
Begin Norma
Starting training for neurone : 16_16_16, 5/12 (Previous step : 1260.012 s)
Getting dataset : Ocean1
Dataset used : /bettik/bouissob/Method_Data/COM_NEMO-CNRS/Method_4/Ocean1_lite.csv
Getting dataset : Ocean2
Dataset used : /bettik/bouissob/Method_Data/COM_NEMO-CNRS/Method_4/Ocean2_lite.csv
Getting dataset : Ocean3
Dataset used : /bettik/bouissob/Method_Data/COM_NEMO-CNRS/Method_4/Ocean3_lite.csv
Getting dataset : Ocean4
Dataset used : /bettik/bouissob/Method_Data/COM_NEMO-CNRS/Method_4/Ocean4_lite.csv
Check index
Begin Norma
Starting training for neurone : 32_32_32, 6/12 (Previous step : 1138.954 s)
Getting dataset : Ocean1
Dataset used : /bettik/bouissob/Method_Data/COM_NEMO-CNRS/Method_4/Ocean1_lite.csv
Getting dataset : Ocean2
Dataset used : /bettik/bouissob/Method_Data/COM_NEMO-CNRS/Method_4/Ocean2_lite.csv
Getting dataset : Ocean3
Dataset used : /bettik/bouissob/Method_Data/COM_NEMO-CNRS/Method_4/Ocean3_lite.csv
Getting dataset : Ocean4
Dataset used : /bettik/bouissob/Method_Data/COM_NEMO-CNRS/Method_4/Ocean4_lite.csv
Check index
Begin Norma
Starting training for neurone : 64_64_64, 7/12 (Previous step : 1517.245 s)
Getting dataset : Ocean1
Dataset used : /bettik/bouissob/Method_Data/COM_NEMO-CNRS/Method_4/Ocean1_lite.csv
Getting dataset : Ocean2
Dataset used : /bettik/bouissob/Method_Data/COM_NEMO-CNRS/Method_4/Ocean2_lite.csv
Getting dataset : Ocean3
Dataset used : /bettik/bouissob/Method_Data/COM_NEMO-CNRS/Method_4/Ocean3_lite.csv
Getting dataset : Ocean4
Dataset used : /bettik/bouissob/Method_Data/COM_NEMO-CNRS/Method_4/Ocean4_lite.csv
Check index
Begin Norma
Starting training for neurone : 64_64_64_64, 8/12 (Previous step : 1217.833 s)
Getting dataset : Ocean1
Dataset used : /bettik/bouissob/Method_Data/COM_NEMO-CNRS/Method_4/Ocean1_lite.csv
Getting dataset : Ocean2
Dataset used : /bettik/bouissob/Method_Data/COM_NEMO-CNRS/Method_4/Ocean2_lite.csv
Getting dataset : Ocean3
Dataset used : /bettik/bouissob/Method_Data/COM_NEMO-CNRS/Method_4/Ocean3_lite.csv
Getting dataset : Ocean4
Dataset used : /bettik/bouissob/Method_Data/COM_NEMO-CNRS/Method_4/Ocean4_lite.csv
Check index
Begin Norma
Starting training for neurone : 96_96_96_96, 9/12 (Previous step : 2355.148 s)
Getting dataset : Ocean1
Dataset used : /bettik/bouissob/Method_Data/COM_NEMO-CNRS/Method_4/Ocean1_lite.csv
Getting dataset : Ocean2
Dataset used : /bettik/bouissob/Method_Data/COM_NEMO-CNRS/Method_4/Ocean2_lite.csv
Getting dataset : Ocean3
Dataset used : /bettik/bouissob/Method_Data/COM_NEMO-CNRS/Method_4/Ocean3_lite.csv
Getting dataset : Ocean4
Dataset used : /bettik/bouissob/Method_Data/COM_NEMO-CNRS/Method_4/Ocean4_lite.csv
Check index
Begin Norma
Starting training for neurone : 96_96_96_96_96, 10/12 (Previous step : 1911.985 s)
Getting dataset : Ocean1
Dataset used : /bettik/bouissob/Method_Data/COM_NEMO-CNRS/Method_4/Ocean1_lite.csv
Getting dataset : Ocean2
Dataset used : /bettik/bouissob/Method_Data/COM_NEMO-CNRS/Method_4/Ocean2_lite.csv
Getting dataset : Ocean3
Dataset used : /bettik/bouissob/Method_Data/COM_NEMO-CNRS/Method_4/Ocean3_lite.csv
Getting dataset : Ocean4
Dataset used : /bettik/bouissob/Method_Data/COM_NEMO-CNRS/Method_4/Ocean4_lite.csv
Check index
Begin Norma
Starting training for neurone : 128_128_128_128_128, 11/12 (Previous step : 1815.501 s)
Getting dataset : Ocean1
Dataset used : /bettik/bouissob/Method_Data/COM_NEMO-CNRS/Method_4/Ocean1_lite.csv
Getting dataset : Ocean2
Dataset used : /bettik/bouissob/Method_Data/COM_NEMO-CNRS/Method_4/Ocean2_lite.csv
Getting dataset : Ocean3
Dataset used : /bettik/bouissob/Method_Data/COM_NEMO-CNRS/Method_4/Ocean3_lite.csv
Getting dataset : Ocean4
Dataset used : /bettik/bouissob/Method_Data/COM_NEMO-CNRS/Method_4/Ocean4_lite.csv
Check index
Begin Norma
